<?xml version="1.0" encoding="UTF-8"?>
<!-- Generated by org.testng.reporters.JUnitXMLReporter -->
<testsuite ignored="0" hostname="Atrinik" failures="1" tests="4" name="Surefire test" time="32.74" errors="0" timestamp="2022-08-16T09:55:13 EDT">
  <testcase classname="Academy.E2EProject.HomePageTest" name="basePageNavigation" time="5.226"/>
  <testcase classname="Academy.E2EProject.HomePageTest" name="basePageNavigation" time="3.442"/>
  <testcase classname="Academy.E2EProject.ValidateNavbarTest" name="basePageNavigation" time="0.061"/>
  <testcase classname="Academy.E2EProject.ValidateTitleTest" name="basePageNavigation" time="0.074">
    <failure type="java.lang.AssertionError" message="expected [Have a AAdvantage速 account?] but found [Have an AAdvantage速 account?]">
      <![CDATA[java.lang.AssertionError: expected [Have a AAdvantage速 account?] but found [Have an AAdvantage速 account?]
at Academy.E2EProject.ValidateTitleTest.basePageNavigation(ValidateTitleTest.java:32)
at java.base/java.util.ArrayList.forEach(ArrayList.java:1511)
... Removed 38 stack frames]]>
    </failure>
  </testcase> <!-- basePageNavigation -->
</testsuite> <!-- Surefire test -->
