<?xml version="1.0" encoding="UTF-8"?>
<testng-results ignored="0" total="4" passed="3" failed="1" skipped="0">
  <reporter-output>
  </reporter-output>
  <suite started-at="2022-08-12T11:00:40 EDT" name="Suite" finished-at="2022-08-12T11:00:56 EDT" duration-ms="16771">
    <groups>
    </groups>
    <test started-at="2022-08-12T11:00:40 EDT" name="Test" finished-at="2022-08-12T11:00:40 EDT" duration-ms="9">
    </test> <!-- Test -->
    <test started-at="2022-08-12T11:00:40 EDT" name="ValidateNavbar" finished-at="2022-08-12T11:00:47 EDT" duration-ms="7333">
      <class name="Academy.E2EProject.ValidateNavbarTest">
        <test-method is-config="true" signature="initialize()[pri:0, instance:Academy.E2EProject.ValidateNavbarTest@8dfe921]" started-at="2022-08-12T11:00:40 EDT" name="initialize" finished-at="2022-08-12T11:00:47 EDT" duration-ms="6974" status="PASS">
          <reporter-output>
          </reporter-output>
        </test-method> <!-- initialize -->
        <test-method signature="basePageNavigation()[pri:0, instance:Academy.E2EProject.ValidateNavbarTest@8dfe921]" started-at="2022-08-12T11:00:47 EDT" name="basePageNavigation" finished-at="2022-08-12T11:00:47 EDT" duration-ms="50" status="PASS">
          <reporter-output>
          </reporter-output>
        </test-method> <!-- basePageNavigation -->
        <test-method is-config="true" signature="tearDown()[pri:0, instance:Academy.E2EProject.ValidateNavbarTest@8dfe921]" started-at="2022-08-12T11:00:47 EDT" name="tearDown" finished-at="2022-08-12T11:00:47 EDT" duration-ms="290" status="PASS">
          <reporter-output>
          </reporter-output>
        </test-method> <!-- tearDown -->
      </class> <!-- Academy.E2EProject.ValidateNavbarTest -->
    </test> <!-- ValidateNavbar -->
    <test started-at="2022-08-12T11:00:40 EDT" name="ValidateTitle" finished-at="2022-08-12T11:00:49 EDT" duration-ms="9166">
      <class name="Academy.E2EProject.ValidateTitleTest">
        <test-method is-config="true" signature="initialize()[pri:0, instance:Academy.E2EProject.ValidateTitleTest@6974a715]" started-at="2022-08-12T11:00:40 EDT" name="initialize" finished-at="2022-08-12T11:00:47 EDT" duration-ms="7875" status="PASS">
          <reporter-output>
          </reporter-output>
        </test-method> <!-- initialize -->
        <test-method signature="basePageNavigation()[pri:0, instance:Academy.E2EProject.ValidateTitleTest@6974a715]" started-at="2022-08-12T11:00:47 EDT" name="basePageNavigation" finished-at="2022-08-12T11:00:48 EDT" duration-ms="46" status="FAIL">
          <exception class="java.lang.AssertionError">
            <message>
              <![CDATA[expected [Have a AAdvantage速 account?] but found [Have an AAdvantage速 account?]]]>
            </message>
            <full-stacktrace>
              <![CDATA[java.lang.AssertionError: expected [Have a AAdvantage速 account?] but found [Have an AAdvantage速 account?]
at org.testng.Assert.fail(Assert.java:110)
at org.testng.Assert.failNotEquals(Assert.java:1413)
at org.testng.Assert.assertEqualsImpl(Assert.java:149)
at org.testng.Assert.assertEquals(Assert.java:131)
at org.testng.Assert.assertEquals(Assert.java:655)
at org.testng.Assert.assertEquals(Assert.java:665)
at Academy.E2EProject.ValidateTitleTest.basePageNavigation(ValidateTitleTest.java:32)
at java.base/jdk.internal.reflect.NativeMethodAccessorImpl.invoke0(Native Method)
at java.base/jdk.internal.reflect.NativeMethodAccessorImpl.invoke(NativeMethodAccessorImpl.java:77)
at java.base/jdk.internal.reflect.DelegatingMethodAccessorImpl.invoke(DelegatingMethodAccessorImpl.java:43)
at java.base/java.lang.reflect.Method.invoke(Method.java:568)
at org.testng.internal.invokers.MethodInvocationHelper.invokeMethod(MethodInvocationHelper.java:139)
at org.testng.internal.invokers.TestInvoker.invokeMethod(TestInvoker.java:677)
at org.testng.internal.invokers.TestInvoker.invokeTestMethod(TestInvoker.java:221)
at org.testng.internal.invokers.MethodRunner.runInSequence(MethodRunner.java:50)
at org.testng.internal.invokers.TestInvoker$MethodInvocationAgent.invoke(TestInvoker.java:962)
at org.testng.internal.invokers.TestInvoker.invokeTestMethods(TestInvoker.java:194)
at org.testng.internal.invokers.TestMethodWorker.invokeTestMethods(TestMethodWorker.java:148)
at org.testng.internal.invokers.TestMethodWorker.run(TestMethodWorker.java:128)
at java.base/java.util.ArrayList.forEach(ArrayList.java:1511)
at org.testng.TestRunner.privateRun(TestRunner.java:806)
at org.testng.TestRunner.run(TestRunner.java:601)
at org.testng.SuiteRunner.runTest(SuiteRunner.java:433)
at org.testng.SuiteRunner$SuiteWorker.run(SuiteRunner.java:471)
at org.testng.internal.thread.ThreadUtil.lambda$execute$0(ThreadUtil.java:58)
at java.base/java.util.concurrent.FutureTask.run(FutureTask.java:264)
at java.base/java.util.concurrent.ThreadPoolExecutor.runWorker(ThreadPoolExecutor.java:1136)
at java.base/java.util.concurrent.ThreadPoolExecutor$Worker.run(ThreadPoolExecutor.java:635)
at java.base/java.lang.Thread.run(Thread.java:833)
]]>
            </full-stacktrace>
          </exception> <!-- java.lang.AssertionError -->
          <reporter-output>
          </reporter-output>
        </test-method> <!-- basePageNavigation -->
        <test-method is-config="true" signature="tearDown()[pri:0, instance:Academy.E2EProject.ValidateTitleTest@6974a715]" started-at="2022-08-12T11:00:48 EDT" name="tearDown" finished-at="2022-08-12T11:00:49 EDT" duration-ms="290" status="PASS">
          <reporter-output>
          </reporter-output>
        </test-method> <!-- tearDown -->
      </class> <!-- Academy.E2EProject.ValidateTitleTest -->
    </test> <!-- ValidateTitle -->
    <test started-at="2022-08-12T11:00:40 EDT" name="HomePage" finished-at="2022-08-12T11:00:56 EDT" duration-ms="16771">
      <class name="Academy.E2EProject.HomePageTest">
        <test-method is-config="true" signature="initialize()[pri:0, instance:Academy.E2EProject.HomePageTest@5d10455d]" started-at="2022-08-12T11:00:40 EDT" name="initialize" finished-at="2022-08-12T11:00:46 EDT" duration-ms="6425" status="PASS">
          <reporter-output>
          </reporter-output>
        </test-method> <!-- initialize -->
        <test-method signature="basePageNavigation(java.lang.String,java.lang.String,java.lang.String)[pri:0, instance:Academy.E2EProject.HomePageTest@5d10455d]" started-at="2022-08-12T11:00:46 EDT" name="basePageNavigation" data-provider="getData" finished-at="2022-08-12T11:00:50 EDT" duration-ms="3821" status="PASS">
          <params>
            <param index="0">
              <value>
                <![CDATA[nonRestricteduser]]>
              </value>
            </param>
            <param index="1">
              <value>
                <![CDATA[12343]]>
              </value>
            </param>
            <param index="2">
              <value>
                <![CDATA[Non restricted User]]>
              </value>
            </param>
          </params>
          <reporter-output>
          </reporter-output>
        </test-method> <!-- basePageNavigation -->
        <test-method signature="basePageNavigation(java.lang.String,java.lang.String,java.lang.String)[pri:0, instance:Academy.E2EProject.HomePageTest@5d10455d]" started-at="2022-08-12T11:00:50 EDT" name="basePageNavigation" data-provider="getData" finished-at="2022-08-12T11:00:52 EDT" duration-ms="2343" status="PASS">
          <params>
            <param index="0">
              <value>
                <![CDATA[Restricteduser]]>
              </value>
            </param>
            <param index="1">
              <value>
                <![CDATA[23432]]>
              </value>
            </param>
            <param index="2">
              <value>
                <![CDATA[Restricted User]]>
              </value>
            </param>
          </params>
          <reporter-output>
          </reporter-output>
        </test-method> <!-- basePageNavigation -->
        <test-method is-config="true" signature="tearDown()[pri:0, instance:Academy.E2EProject.HomePageTest@5d10455d]" started-at="2022-08-12T11:00:52 EDT" name="tearDown" finished-at="2022-08-12T11:00:56 EDT" duration-ms="4157" status="PASS">
          <reporter-output>
          </reporter-output>
        </test-method> <!-- tearDown -->
      </class> <!-- Academy.E2EProject.HomePageTest -->
    </test> <!-- HomePage -->
  </suite> <!-- Suite -->
</testng-results>
